<?xml version="1.0" encoding="UTF-8"?>
<testsuite xmlns:xsi="http://www.w3.org/2001/XMLSchema-instance" xsi:noNamespaceSchemaLocation="https://maven.apache.org/surefire/maven-surefire-plugin/xsd/surefire-test-report.xsd" name="procthrift.AppTest" time="0.041" tests="1" errors="0" skipped="0" failures="0">
  <properties>
    <property name="sun.desktop" value="windows"/>
    <property name="awt.toolkit" value="sun.awt.windows.WToolkit"/>
    <property name="file.encoding.pkg" value="sun.io"/>
    <property name="java.specification.version" value="1.8"/>
    <property name="sun.cpu.isalist" value="amd64"/>
    <property name="sun.jnu.encoding" value="GBK"/>
    <property name="java.class.path" value="D:\project\springboot\procthrift\target\test-classes;D:\project\springboot\procthrift\target\classes;d:\maven\repository\junit\junit\4.11\junit-4.11.jar;d:\maven\repository\org\hamcrest\hamcrest-core\1.3\hamcrest-core-1.3.jar;d:\maven\repository\org\apache\thrift\libthrift\0.10.0\libthrift-0.10.0.jar;d:\maven\repository\org\slf4j\slf4j-api\1.7.12\slf4j-api-1.7.12.jar;d:\maven\repository\org\apache\httpcomponents\httpclient\4.4.1\httpclient-4.4.1.jar;d:\maven\repository\commons-logging\commons-logging\1.2\commons-logging-1.2.jar;d:\maven\repository\commons-codec\commons-codec\1.9\commons-codec-1.9.jar;d:\maven\repository\org\apache\httpcomponents\httpcore\4.4.1\httpcore-4.4.1.jar;d:\maven\repository\org\slf4j\slf4j-log4j12\1.7.5\slf4j-log4j12-1.7.5.jar;d:\maven\repository\log4j\log4j\1.2.17\log4j-1.2.17.jar;d:\maven\repository\org\projectlombok\lombok\1.16.8\lombok-1.16.8.jar;"/>
    <property name="java.vm.vendor" value="Oracle Corporation"/>
    <property name="sun.arch.data.model" value="64"/>
    <property name="user.variant" value=""/>
    <property name="java.vendor.url" value="http://java.oracle.com/"/>
    <property name="user.timezone" value="Asia/Shanghai"/>
    <property name="java.vm.specification.version" value="1.8"/>
    <property name="os.name" value="Windows 10"/>
    <property name="user.country" value="CN"/>
    <property name="sun.java.launcher" value="SUN_STANDARD"/>
    <property name="sun.boot.library.path" value="D:\Dev\jdk1.8\jre\bin"/>
    <property name="sun.java.command" value="C:\Users\ADMINI~1\AppData\Local\Temp\surefire7954498373283584635\surefirebooter559258193796355052.jar C:\Users\Administrator\AppData\Local\Temp\surefire7954498373283584635 2020-11-12T10-39-47_608-jvmRun1 surefire7600777646741821152tmp surefire_03889052111255345223tmp"/>
    <property name="surefire.test.class.path" value="D:\project\springboot\procthrift\target\test-classes;D:\project\springboot\procthrift\target\classes;d:\maven\repository\junit\junit\4.11\junit-4.11.jar;d:\maven\repository\org\hamcrest\hamcrest-core\1.3\hamcrest-core-1.3.jar;d:\maven\repository\org\apache\thrift\libthrift\0.10.0\libthrift-0.10.0.jar;d:\maven\repository\org\slf4j\slf4j-api\1.7.12\slf4j-api-1.7.12.jar;d:\maven\repository\org\apache\httpcomponents\httpclient\4.4.1\httpclient-4.4.1.jar;d:\maven\repository\commons-logging\commons-logging\1.2\commons-logging-1.2.jar;d:\maven\repository\commons-codec\commons-codec\1.9\commons-codec-1.9.jar;d:\maven\repository\org\apache\httpcomponents\httpcore\4.4.1\httpcore-4.4.1.jar;d:\maven\repository\org\slf4j\slf4j-log4j12\1.7.5\slf4j-log4j12-1.7.5.jar;d:\maven\repository\log4j\log4j\1.2.17\log4j-1.2.17.jar;d:\maven\repository\org\projectlombok\lombok\1.16.8\lombok-1.16.8.jar;"/>
    <property name="sun.cpu.endian" value="little"/>
    <property name="user.home" value="C:\Users\Administrator"/>
    <property name="user.language" value="zh"/>
    <property name="java.specification.vendor" value="Oracle Corporation"/>
    <property name="java.home" value="D:\Dev\jdk1.8\jre"/>
    <property name="basedir" value="D:\project\springboot\procthrift"/>
    <property name="file.separator" value="\"/>
    <property name="line.separator" value="&#10;"/>
    <property name="java.vm.specification.vendor" value="Oracle Corporation"/>
    <property name="java.specification.name" value="Java Platform API Specification"/>
    <property name="java.awt.graphicsenv" value="sun.awt.Win32GraphicsEnvironment"/>
    <property name="surefire.real.class.path" value="C:\Users\ADMINI~1\AppData\Local\Temp\surefire7954498373283584635\surefirebooter559258193796355052.jar"/>
    <property name="sun.boot.class.path" value="D:\Dev\jdk1.8\jre\lib\resources.jar;D:\Dev\jdk1.8\jre\lib\rt.jar;D:\Dev\jdk1.8\jre\lib\sunrsasign.jar;D:\Dev\jdk1.8\jre\lib\jsse.jar;D:\Dev\jdk1.8\jre\lib\jce.jar;D:\Dev\jdk1.8\jre\lib\charsets.jar;D:\Dev\jdk1.8\jre\lib\jfr.jar;D:\Dev\jdk1.8\jre\classes"/>
    <property name="user.script" value=""/>
    <property name="sun.management.compiler" value="HotSpot 64-Bit Tiered Compilers"/>
    <property name="java.runtime.version" value="1.8.0_66-b17"/>
    <property name="user.name" value="Administrator"/>
    <property name="path.separator" value=";"/>
    <property name="os.version" value="10.0"/>
    <property name="java.endorsed.dirs" value="D:\Dev\jdk1.8\jre\lib\endorsed"/>
    <property name="java.runtime.name" value="Java(TM) SE Runtime Environment"/>
    <property name="file.encoding" value="UTF-8"/>
    <property name="java.vm.name" value="Java HotSpot(TM) 64-Bit Server VM"/>
    <property name="localRepository" value="d:\maven\repository"/>
    <property name="java.vendor.url.bug" value="http://bugreport.sun.com/bugreport/"/>
    <property name="java.io.tmpdir" value="C:\Users\ADMINI~1\AppData\Local\Temp\"/>
    <property name="idea.version" value="2017.1.3"/>
    <property name="java.version" value="1.8.0_66"/>
    <property name="user.dir" value="D:\project\springboot\procthrift"/>
    <property name="os.arch" value="amd64"/>
    <property name="java.vm.specification.name" value="Java Virtual Machine Specification"/>
    <property name="java.awt.printerjob" value="sun.awt.windows.WPrinterJob"/>
    <property name="sun.os.patch.level" value=""/>
    <property name="java.library.path" value="D:\Dev\jdk1.8\jre\bin;C:\Windows\Sun\Java\bin;C:\Windows\system32;C:\Windows;E:\roya\JAVA\apache-cxf-2.7.10\bin;D:\Dev\apache-maven-3.5.3\bin;C:\Windows\system32;C:\Windows;C:\Windows\System32\Wbem;C:\Windows\System32\WindowsPowerShell\v1.0\;D:\Program Files (x86)\Microsoft SQL Server\100\Tools\Binn\;D:\Program Files\Microsoft SQL Server\100\Tools\Binn\;D:\Program Files\Microsoft SQL Server\100\DTS\Binn\;D:\Program Files (x86)\Microsoft SQL Server\100\Tools\Binn\VSShell\Common7\IDE\;D:\Program Files (x86)\Microsoft SQL Server\100\DTS\Binn\;C:\Program Files\dotnet\;D:\Program Files\TortoiseSVN\bin;D:\Program Files\nodejs\;E:\roya\开发工具\curl-7.60.0\I386;C:\Program Files\MySQL\MySQL Utilities 1.6\;D:\Dev\Thrift;C:\Program Files\TortoiseGit\bin;C:\Program Files\Git\cmd;D:\Dev\jdk1.8\bin;D:\Dev\jdk1.8\jre\bin;D:\nuget\nuget\;C:\Users\Administrator\AppData\Local\Microsoft\WindowsApps;C:\Users\Administrator\AppData\Roaming\npm;C:\Users\Administrator\AppData\Local\BypassRuntm;."/>
    <property name="java.vm.info" value="mixed mode"/>
    <property name="java.vendor" value="Oracle Corporation"/>
    <property name="java.vm.version" value="25.66-b17"/>
    <property name="java.ext.dirs" value="D:\Dev\jdk1.8\jre\lib\ext;C:\Windows\Sun\Java\lib\ext"/>
    <property name="sun.io.unicode.encoding" value="UnicodeLittle"/>
    <property name="java.class.version" value="52.0"/>
  </properties>
  <testcase name="shouldAnswerWithTrue" classname="procthrift.AppTest" time="0.002"/>
</testsuite>